gopro-app/manifest-merger-release-report.txt
-- Merging decision tree log ---
manifest
ADDED from AndroidManifest.xml:2:1
	xmlns:tools
		ADDED from AndroidManifest.xml:3:11
	xmlns:android
		ADDED from AndroidManifest.xml:2:11
	package
		ADDED from AndroidManifest.xml:4:11
	android:versionName
		ADDED from AndroidManifest.xml:6:11
		INJECTED from AndroidManifest.xml:0:0
		INJECTED from AndroidManifest.xml:0:0
	android:versionCode
		ADDED from AndroidManifest.xml:5:11
		INJECTED from AndroidManifest.xml:0:0
		INJECTED from AndroidManifest.xml:0:0
uses-sdk
ADDED from AndroidManifest.xml:8:5
MERGED from com.thalmic:myosdk:0.10.0:7:5
MERGED from myohero....VitamioBundle:vitamio:unspecified:7:5
	android:targetSdkVersion
		ADDED from AndroidManifest.xml:10:9
		INJECTED from AndroidManifest.xml:0:0
		INJECTED from AndroidManifest.xml:0:0
	android:minSdkVersion
		ADDED from AndroidManifest.xml:9:9
		INJECTED from AndroidManifest.xml:0:0
		INJECTED from AndroidManifest.xml:0:0
uses-permission#android.permission.CHANGE_WIFI_STATE
ADDED from AndroidManifest.xml:13:5
	android:name
		ADDED from AndroidManifest.xml:13:22
uses-permission#android.permission.ACCESS_WIFI_STATE
ADDED from AndroidManifest.xml:15:5
	android:name
		ADDED from AndroidManifest.xml:15:22
uses-permission#android.permission.ACCESS_NETWORK_STATE
ADDED from AndroidManifest.xml:16:5
MERGED from myohero....VitamioBundle:vitamio:unspecified:13:5
	android:name
		ADDED from AndroidManifest.xml:16:22
uses-permission#android.permission.INTERNET
ADDED from AndroidManifest.xml:18:5
MERGED from com.thalmic:myosdk:0.10.0:13:5
MERGED from myohero....VitamioBundle:vitamio:unspecified:12:5
	android:name
		ADDED from AndroidManifest.xml:18:22
uses-permission#android.permission.BLUETOOTH
ADDED from AndroidManifest.xml:21:5
MERGED from com.thalmic:myosdk:0.10.0:11:5
	android:name
		ADDED from AndroidManifest.xml:21:22
uses-permission#android.permission.BLUETOOTH_ADMIN
ADDED from AndroidManifest.xml:22:5
MERGED from com.thalmic:myosdk:0.10.0:12:5
	android:name
		ADDED from AndroidManifest.xml:22:22
uses-permission#android.permission.READ_EXTERNAL_STORAGE
ADDED from AndroidManifest.xml:25:5
	android:name
		ADDED from AndroidManifest.xml:25:22
uses-permission#android.permission.WRITE_EXTERNAL_STORAGE
ADDED from AndroidManifest.xml:26:5
	android:name
		ADDED from AndroidManifest.xml:26:22
uses-feature#android.hardware.bluetooth_le
ADDED from AndroidManifest.xml:28:5
	android:required
		ADDED from AndroidManifest.xml:30:9
	android:name
		ADDED from AndroidManifest.xml:29:9
application
ADDED from AndroidManifest.xml:32:5
MERGED from com.thalmic:myosdk:0.10.0:15:5
MERGED from myohero....VitamioBundle:vitamio:unspecified:15:5
	android:label
		ADDED from AndroidManifest.xml:36:9
	android:icon
		ADDED from AndroidManifest.xml:34:9
	android:theme
		ADDED from AndroidManifest.xml:35:9
	android:name
		ADDED from AndroidManifest.xml:33:9
activity#com.urgesoft.gopro.GoProActivity
ADDED from AndroidManifest.xml:38:9
	android:label
		ADDED from AndroidManifest.xml:41:13
	android:configChanges
		ADDED from AndroidManifest.xml:40:13
	android:name
		ADDED from AndroidManifest.xml:39:13
intent-filter#android.intent.action.MAIN+android.intent.category.LAUNCHER
ADDED from AndroidManifest.xml:42:13
action#android.intent.action.MAIN
ADDED from AndroidManifest.xml:43:17
	android:name
		ADDED from AndroidManifest.xml:43:25
category#android.intent.category.LAUNCHER
ADDED from AndroidManifest.xml:45:17
	android:name
		ADDED from AndroidManifest.xml:45:27
activity#com.urgesoft.gopro.SettingsActivity
ADDED from AndroidManifest.xml:49:9
	android:label
		ADDED from AndroidManifest.xml:51:13
	android:parentActivityName
		ADDED from AndroidManifest.xml:52:13
	android:name
		ADDED from AndroidManifest.xml:50:13
service#com.urgesoft.gopro.myo.GoProControllerMyoService
ADDED from AndroidManifest.xml:55:9
	android:name
		ADDED from AndroidManifest.xml:55:18
activity#com.urgesoft.gopro.MyoAssignmentSettingsActivity
ADDED from AndroidManifest.xml:57:9
	android:label
		ADDED from AndroidManifest.xml:59:13
	android:parentActivityName
		ADDED from AndroidManifest.xml:60:13
	android:name
		ADDED from AndroidManifest.xml:58:13
meta-data#android.support.PARENT_ACTIVITY
ADDED from AndroidManifest.xml:61:13
	android:name
		ADDED from AndroidManifest.xml:62:17
	android:value
		ADDED from AndroidManifest.xml:63:17
activity#io.vov.vitamio.activity.InitActivity
ADDED from AndroidManifest.xml:66:9
MERGED from myohero....VitamioBundle:vitamio:unspecified:16:9
	android:windowSoftInputMode
		ADDED from AndroidManifest.xml:71:13
	android:configChanges
		ADDED from AndroidManifest.xml:68:13
	android:theme
		ADDED from AndroidManifest.xml:70:13
	android:name
		ADDED from AndroidManifest.xml:67:13
	android:launchMode
		ADDED from AndroidManifest.xml:69:13
receiver#com.urgesoft.gopro.wifi.WifiNetworkMonitor
ADDED from AndroidManifest.xml:73:9
	android:name
		ADDED from AndroidManifest.xml:74:13
intent-filter#android.net.wifi.STATE_CHANGE+android.net.wifi.WIFI_STATE_CHANGED+android.net.wifi.supplicant.STATE_CHANGE
ADDED from AndroidManifest.xml:75:13
action#android.net.wifi.STATE_CHANGE
ADDED from AndroidManifest.xml:76:17
	android:name
		ADDED from AndroidManifest.xml:76:25
action#android.net.wifi.supplicant.STATE_CHANGE
ADDED from AndroidManifest.xml:77:17
	android:name
		ADDED from AndroidManifest.xml:77:25
action#android.net.wifi.WIFI_STATE_CHANGED
ADDED from AndroidManifest.xml:78:17
	android:name
		ADDED from AndroidManifest.xml:78:25
activity#com.thalmic.myo.scanner.ScanActivity
ADDED from com.thalmic:myosdk:0.10.0:16:9
	android:label
		ADDED from com.thalmic:myosdk:0.10.0:18:13
	android:theme
		ADDED from com.thalmic:myosdk:0.10.0:19:13
	android:name
		ADDED from com.thalmic:myosdk:0.10.0:17:13
uses-permission#android.permission.WAKE_LOCK
ADDED from myohero....VitamioBundle:vitamio:unspecified:11:5
	android:name
		ADDED from myohero....VitamioBundle:vitamio:unspecified:11:22